<?xml version="1.0" encoding="UTF-8"?>
<!-- Generated by org.testng.reporters.JUnitReportReporter -->
<testsuite hostname="pradeeps-macbook.local" failures="0" tests="1" name="Selenium_BDD_framework_Udemy_RS.Tests.StandAloneTest" time="9.040" errors="0" timestamp="2025-06-28T20:51:30 IST" skipped="0">
  <testcase classname="Selenium_BDD_framework_Udemy_RS.Tests.StandAloneTest" name="SubmitOrderTest" time="9.040"/>
  <system-out/>
</testsuite> <!-- Selenium_BDD_framework_Udemy_RS.Tests.StandAloneTest -->
