<?xml version="1.0" encoding="UTF-8"?>
<!-- Generated by org.testng.reporters.JUnitReportReporter -->
<testsuite hostname="pradeeps-macbook.local" failures="0" tests="3" name="Selenium_BDD_framework_Udemy_RS.Tests.SubmitOrderTest" time="21.318" errors="0" timestamp="2025-07-01T19:04:27 IST" skipped="0">
  <testcase classname="Selenium_BDD_framework_Udemy_RS.Tests.SubmitOrderTest" name="OrderHistoryTest" time="3.786"/>
  <system-out/>
  <testcase classname="Selenium_BDD_framework_Udemy_RS.Tests.SubmitOrderTest" name="SubmitOrder" time="7.686"/>
  <system-out/>
  <testcase classname="Selenium_BDD_framework_Udemy_RS.Tests.SubmitOrderTest" name="SubmitOrder" time="9.846"/>
  <system-out/>
</testsuite> <!-- Selenium_BDD_framework_Udemy_RS.Tests.SubmitOrderTest -->
