<?xml version="1.0" encoding="UTF-8"?>
<!-- Generated by org.testng.reporters.JUnitReportReporter -->
<testsuite hostname="pradeeps-macbook.local" failures="0" tests="1" name="Selenium_BDD_framework_Udemy_RS.Tests.ErrorValidations" time="3.502" errors="0" timestamp="2025-07-01T19:28:16 IST" skipped="0">
  <testcase classname="Selenium_BDD_framework_Udemy_RS.Tests.ErrorValidations" name="LoginErrorValidation" time="3.502"/>
  <system-out/>
</testsuite> <!-- Selenium_BDD_framework_Udemy_RS.Tests.ErrorValidations -->
