<?xml version="1.0" encoding="UTF-8"?>
<!-- Generated by org.testng.reporters.JUnitReportReporter -->
<testsuite hostname="pradeeps-macbook.local" failures="0" tests="2" name="Selenium_BDD_framework_Udemy_RS.Tests.SubmitOrderTest" time="20.335" errors="0" timestamp="2025-07-01T21:33:16 IST" skipped="0">
  <testcase classname="Selenium_BDD_framework_Udemy_RS.Tests.SubmitOrderTest" name="SubmitOrder" time="11.177"/>
  <system-out/>
  <testcase classname="Selenium_BDD_framework_Udemy_RS.Tests.SubmitOrderTest" name="SubmitOrder" time="9.158"/>
  <system-out/>
</testsuite> <!-- Selenium_BDD_framework_Udemy_RS.Tests.SubmitOrderTest -->
