<?xml version="1.0" encoding="UTF-8"?>
<!-- Generated by org.testng.reporters.JUnitReportReporter -->
<testsuite hostname="pradeeps-macbook.local" failures="0" tests="2" name="Selenium_BDD_framework_Udemy_RS.Tests.ErrorValidations" time="11.687" errors="0" timestamp="2025-07-01T22:10:57 IST" skipped="0">
  <testcase classname="Selenium_BDD_framework_Udemy_RS.Tests.ErrorValidations" name="LoginErrorValidation" time="3.361"/>
  <system-out/>
  <testcase classname="Selenium_BDD_framework_Udemy_RS.Tests.ErrorValidations" name="productErrorValidation" time="8.326"/>
  <system-out/>
</testsuite> <!-- Selenium_BDD_framework_Udemy_RS.Tests.ErrorValidations -->
