<?xml version="1.0" encoding="UTF-8"?>
<!-- Generated by org.testng.reporters.JUnitReportReporter -->
<testsuite hostname="pradeeps-macbook.local" failures="0" tests="3" name="Selenium_BDD_framework_Udemy_RS.Tests.SubmitOrderTest" time="19.751" errors="0" timestamp="2025-07-01T22:10:57 IST" skipped="0">
  <testcase classname="Selenium_BDD_framework_Udemy_RS.Tests.SubmitOrderTest" name="OrderHistoryTest" time="2.927"/>
  <system-out/>
  <testcase classname="Selenium_BDD_framework_Udemy_RS.Tests.SubmitOrderTest" name="SubmitOrder" time="8.994"/>
  <system-out/>
  <testcase classname="Selenium_BDD_framework_Udemy_RS.Tests.SubmitOrderTest" name="SubmitOrder" time="7.830"/>
  <system-out/>
</testsuite> <!-- Selenium_BDD_framework_Udemy_RS.Tests.SubmitOrderTest -->
